<?xml version="1.0" encoding="UTF-8"?>
<!-- Generated by org.testng.reporters.JUnitReportReporter -->
<testsuite hostname="LAPTOP-JE40O75P" failures="0" tests="1" name="reqres.CRUDOperations.DeleteUsersTest" time="1.413" errors="0" timestamp="2022-11-18T09:41:01 IST" skipped="0">
  <testcase classname="reqres.CRUDOperations.DeleteUsersTest" name="deletUsersTest" time="1.413"/>
  <system-out/>
</testsuite> <!-- reqres.CRUDOperations.DeleteUsersTest -->
