<?xml version="1.0" encoding="UTF-8"?>
<!-- Generated by org.testng.reporters.JUnitReportReporter -->
<testsuite hostname="LAPTOP-JE40O75P" failures="0" tests="1" name="ResponseValidation.GetAllUsersTest" time="1.511" errors="0" timestamp="2022-11-20T10:11:49 IST" skipped="0">
  <testcase classname="ResponseValidation.GetAllUsersTest" name="getAllUser" time="1.511"/>
  <system-out/>
</testsuite> <!-- ResponseValidation.GetAllUsersTest -->
