<?xml version="1.0" encoding="UTF-8"?>
<!-- Generated by org.testng.reporters.JUnitReportReporter -->
<testsuite hostname="LAPTOP-JE40O75P" failures="0" tests="1" name="ResponseValidation.RequestChaining" time="2.699" errors="0" timestamp="2022-11-21T14:42:35 IST" skipped="0">
  <testcase classname="ResponseValidation.RequestChaining" name="requestChainingTestGetAndDelete" time="2.699"/>
  <system-out/>
</testsuite> <!-- ResponseValidation.RequestChaining -->
