<?xml version="1.0" encoding="UTF-8"?>
<!-- Generated by org.testng.reporters.JUnitReportReporter -->
<testsuite hostname="LAPTOP-JE40O75P" failures="0" tests="1" name="reqres.CRUDOperations.GetAllUsers" time="1.079" errors="0" timestamp="2022-11-18T09:34:21 IST" skipped="0">
  <testcase classname="reqres.CRUDOperations.GetAllUsers" name="getAllUsers" time="1.079"/>
  <system-out/>
</testsuite> <!-- reqres.CRUDOperations.GetAllUsers -->
