<?xml version="1.0" encoding="UTF-8"?>
<!-- Generated by org.testng.reporters.JUnitReportReporter -->
<testsuite hostname="LAPTOP-JE40O75P" failures="0" tests="1" name="reqres.CRUDOperations.CreateUserTest" time="1.605" errors="0" timestamp="2022-11-18T09:28:36 IST" skipped="0">
  <testcase classname="reqres.CRUDOperations.CreateUserTest" name="createUser" time="1.605"/>
  <system-out/>
</testsuite> <!-- reqres.CRUDOperations.CreateUserTest -->
