<?xml version="1.0" encoding="UTF-8"?>
<!-- Generated by org.testng.reporters.JUnitReportReporter -->
<testsuite hostname="LAPTOP-JE40O75P" failures="0" tests="1" name="reqres.CRUDOperationWithHashMap.CreateUser" time="1.877" errors="0" timestamp="2022-11-18T16:01:06 IST" skipped="0">
  <testcase classname="reqres.CRUDOperationWithHashMap.CreateUser" name="createUser" time="1.877"/>
  <system-out/>
</testsuite> <!-- reqres.CRUDOperationWithHashMap.CreateUser -->
