<?xml version="1.0" encoding="UTF-8"?>
<!-- Generated by org.testng.reporters.JUnitReportReporter -->
<testsuite hostname="LAPTOP-JE40O75P" failures="0" tests="1" name="reqres.CRUDOperationWithBDD.CreateUserTest" time="1.571" errors="0" timestamp="2022-11-18T09:53:09 IST" skipped="0">
  <testcase classname="reqres.CRUDOperationWithBDD.CreateUserTest" name="createUser" time="1.571"/>
  <system-out/>
</testsuite> <!-- reqres.CRUDOperationWithBDD.CreateUserTest -->
